<?xml version="1.0" encoding="UTF-8"?>
<!-- Generated by org.testng.reporters.JUnitReportReporter -->
<testsuite hostname="Taras-PC" name="ua.lviv.testers.testcase.testcategories.logintests.LoginPageTestSuite" tests="1" failures="0" timestamp="22 Jul 2013 04:02:42 GMT" time="31.291" errors="0">
  <testcase name="enterAdminPageView" time="31.291" classname="ua.lviv.testers.testcase.testcategories.logintests.LoginPageTestSuite"/>
</testsuite> <!-- ua.lviv.testers.testcase.testcategories.logintests.LoginPageTestSuite -->
